<?xml version="1.0" encoding="UTF-8"?>
<testng-results skipped="0" failed="0" ignored="0" total="0" passed="0">
  <reporter-output>
  </reporter-output>
  <suite name="testScripts.BaseTest" duration-ms="4" started-at="2019-12-08T08:58:59Z" finished-at="2019-12-08T08:58:59Z">
    <groups>
    </groups>
    <test name="Command line test" duration-ms="4" started-at="2019-12-08T08:58:59Z" finished-at="2019-12-08T08:58:59Z">
    </test> <!-- Command line test -->
  </suite> <!-- testScripts.BaseTest -->
</testng-results>
